* Starting client
* Connecting to master process on port 9013
* Analyzing classpath: 
  - /Users/tyhaggerty/Spring/CS362/CS362-001-SP17/FinalProject/URLValidatorInCorrect/target/test-classes
  - /Users/tyhaggerty/Spring/CS362/CS362-001-SP17/FinalProject/URLValidatorInCorrect/target/classes
  - /Users/tyhaggerty/.m2/repository/junit/junit/4.12/junit-4.12.jar
  - /Users/tyhaggerty/.m2/repository/org/hamcrest/hamcrest-core/1.3/hamcrest-core-1.3.jar
* Finished analyzing classpath
* Generating tests for class finalprojectB.UrlValidator
* Test criteria:
  - Line Coverage
  - Branch Coverage
  - Exception
  - Mutation testing (weak)
  - Method-Output Coverage
  - Top-Level Method Coverage
  - No-Exception Top-Level Method Coverage
  - Context Branch Coverage
* Setting up search algorithm for whole suite generation
[MASTER] 10:54:17.559 [pool-2-thread-1] WARN  TestSuiteSerialization - Cannot load tests because file does not exist: /Users/tyhaggerty/Spring/CS362/CS362-001-SP17/FinalProject/URLValidatorInCorrect/.evosuite/evosuite-seeds/finalprojectB.UrlValidator.seed
* Total number of test goals: 
  - Line 95
  - Branch 86
  - Exception 0
  - MutationFactory 281
  - Output 17
  - Method 14
  - MethodNoException 14
  - CBranchFitnessFactory 86
* Using seed 1497203655373
* Starting evolution
* Search finished after 106s and 71 generations, 31543 statements, best individual has fitness: 292.6354166582848
* Writing sequences to pool
* Minimizing test suite
[MASTER] 10:56:21.010 [pool-2-thread-1] WARN  TestSuiteMinimizer - Minimization timeout. Roll back to original test suite
* Going to analyze the coverage criteria
* Coverage analysis for criterion LINE
* Coverage of criterion LINE: 67%
* Total number of goals: 95
* Number of covered goals: 64
* Coverage analysis for criterion BRANCH
* Coverage of criterion BRANCH: 62%
* Total number of goals: 86
* Number of covered goals: 53
* Coverage analysis for criterion EXCEPTION
* Coverage of criterion EXCEPTION: 100%
* Total number of goals: 5
* Number of covered goals: 5
* Coverage analysis for criterion WEAKMUTATION
* Coverage of criterion WEAKMUTATION: 51%
* Total number of goals: 281
* Number of covered goals: 143
* Coverage analysis for criterion OUTPUT
* Coverage of criterion OUTPUT: 82%
* Total number of goals: 17
* Number of covered goals: 14
* Coverage analysis for criterion METHOD
* Coverage of criterion METHOD: 100%
* Total number of goals: 14
* Number of covered goals: 14
* Coverage analysis for criterion METHODNOEXCEPTION
* Coverage of criterion METHODNOEXCEPTION: 100%
* Total number of goals: 14
* Number of covered goals: 14
* Coverage analysis for criterion CBRANCH
* Coverage of criterion CBRANCH: 62%
* Total number of goals: 86
* Number of covered goals: 53
* Generated 19 tests with total length 168
* Resulting test suite's coverage: 78% (average coverage for all fitness functions)
* Generating assertions
* Resulting test suite's mutation score: 10%
* Compiling and checking tests
[MASTER] 10:56:43.411 [pool-2-thread-1] WARN  JUnitAnalyzer - Found unstable test named test0 -> class java.lang.AssertionError: Expecting exception: IllegalStateException
[MASTER] 10:56:43.411 [pool-2-thread-1] WARN  JUnitAnalyzer - Failing test: UrlValidator urlValidator0 = new UrlValidator();
urlValidator0.isValid("");
String string0 = "ci";
urlValidator0.isValidPath("ci");
urlValidator0.isValidPath((String) null);
urlValidator0.isValidPath("ci");
String string1 = "^:(\\d{1,3})$";
urlValidator0.isValidPath("@");
urlValidator0.isValidAuthority("#;V");

[MASTER] 10:56:43.657 [pool-2-thread-1] WARN  JUnitAnalyzer - Found unstable test named test0 -> class java.lang.AssertionError: Expecting exception: IllegalStateException
[MASTER] 10:56:43.657 [pool-2-thread-1] WARN  JUnitAnalyzer - Failing test: UrlValidator urlValidator0 = UrlValidator.getInstance();
urlValidator0.isValidScheme("_bE~]!");
urlValidator0.isValidPath("");
urlValidator0.isValidScheme("ba");
urlValidator0.isValidQuery("_bE~]!");
urlValidator0.isValidPath("");
urlValidator0.isValid("?UTv19+W");

[MASTER] 10:56:44.457 [pool-2-thread-1] WARN  JUnitAnalyzer - Found unstable test named test0 -> class java.lang.AssertionError: Expecting exception: IllegalStateException
[MASTER] 10:56:44.457 [pool-2-thread-1] WARN  JUnitAnalyzer - Failing test: String[] stringArray0 = new String[1];
stringArray0[0] = "Cil";
UrlValidator urlValidator0 = new UrlValidator(stringArray0, 196L);
urlValidator0.isValidScheme("Cil");
urlValidator0.isValidPath("Cil");
urlValidator0.isValidScheme("Cil");
urlValidator0.isValid("Cil");

[MASTER] 10:56:44.587 [pool-2-thread-1] WARN  JUnitAnalyzer - Found unstable test named test0 -> class java.lang.AssertionError: Expecting exception: IllegalStateException
[MASTER] 10:56:44.587 [pool-2-thread-1] WARN  JUnitAnalyzer - Failing test: RegexValidator regexValidator0 = new RegexValidator("ae", false);
UrlValidator urlValidator0 = new UrlValidator(regexValidator0, 0L);
urlValidator0.isValidQuery("ae");
urlValidator0.isValidAuthority((String) null);
urlValidator0.isValidScheme((String) null);
UrlValidator urlValidator1 = new UrlValidator(regexValidator0, 0L);
urlValidator1.isValidPath("|2<~uI4+q a7jv#");
urlValidator0.isValidFragment("");
urlValidator1.isValid("ae");

[MASTER] 10:56:44.697 [pool-2-thread-1] WARN  JUnitAnalyzer - Found unstable test named test0 -> class java.lang.AssertionError: Expecting exception: IllegalStateException
[MASTER] 10:56:44.697 [pool-2-thread-1] WARN  JUnitAnalyzer - Failing test: RegexValidator regexValidator0 = new RegexValidator("ae", true);
String string0 = null;
UrlValidator urlValidator0 = new UrlValidator((String[]) null, regexValidator0, 0L);
urlValidator0.isValidPath("|2<~uI4+q a7jv#");
UrlValidator urlValidator1 = new UrlValidator(regexValidator0, 0L);
UrlValidator urlValidator2 = new UrlValidator();
urlValidator0.isValidAuthority("eu");

[MASTER] 10:56:44.759 [pool-2-thread-1] WARN  JUnitAnalyzer - Found unstable test named test0 -> class java.lang.AssertionError: Expecting exception: IllegalStateException
[MASTER] 10:56:44.760 [pool-2-thread-1] WARN  JUnitAnalyzer - Failing test: UrlValidator urlValidator0 = new UrlValidator();
String string0 = null;
urlValidator0.isValidQuery((String) null);
String string1 = "Yp3!Cj-oh>l7";
urlValidator0.isValid("Yp3!Cj-oh>l7");

[MASTER] 10:56:44.913 [pool-2-thread-1] WARN  JUnitAnalyzer - Found unstable test named test0 -> class java.lang.AssertionError: Expecting exception: IllegalStateException
[MASTER] 10:56:44.913 [pool-2-thread-1] WARN  JUnitAnalyzer - Failing test: UrlValidator urlValidator0 = new UrlValidator((-7291L));
urlValidator0.isValidPath("^([p{Alnum}-.]*)(:d*)?(.*)?");
urlValidator0.isValidFragment("^([p{Alnum}-.]*)(:d*)?(.*)?");
urlValidator0.isValidAuthority("^([p{Alnum}-.]*)(:d*)?(.*)?");

[MASTER] 10:56:45.199 [pool-2-thread-1] WARN  JUnitAnalyzer - Found unstable test named test0 -> class java.lang.AssertionError: Expecting exception: NullPointerException
[MASTER] 10:56:45.199 [pool-2-thread-1] WARN  JUnitAnalyzer - Failing test: String[] stringArray0 = new String[1];
UrlValidator urlValidator0 = new UrlValidator(stringArray0, 196L);
urlValidator0.isValidScheme("mil");

* Writing JUnit test case 'UrlValidator_ESTest' to /Users/tyhaggerty/Spring/CS362/CS362-001-SP17/FinalProject/URLValidatorInCorrect/.evosuite/tmp_2017_06_11_10_54_13/tests
* Done!

